Run started: 20260313_003039
Run directory: logs/20260313_003039
Args: {'epochs': 5, 'dim': 100, 'lr': 0.025, 'batch': 512, 'neg': 5, 'window': 5, 'min_count': 5, 'subsample': 1e-05, 'save': 'embeddings.npy', 'log_steps': 10000, 'log_dir': 'logs', 'save_steps': 50000, 'eval_steps': 50000}

Vocab size: 71,290
  step  10,000 | loss 2.7045 | lr 0.02480 | gnorm 0.246 | 94s elapsed
    pos_score -1.0313 neg_score -1.5167 | σ(pos) 0.2891 σ(neg) 0.2163
  step  20,000 | loss 2.7803 | lr 0.02459 | gnorm 0.141 | 187s elapsed
    pos_score -1.4731 neg_score -1.6878 | σ(pos) 0.2050 σ(neg) 0.1829
  step  30,000 | loss 2.6527 | lr 0.02439 | gnorm 0.126 | 280s elapsed
    pos_score -1.4539 neg_score -1.8153 | σ(pos) 0.2079 σ(neg) 0.1668
  step  40,000 | loss 2.6357 | lr 0.02418 | gnorm 0.141 | 373s elapsed
    pos_score -1.4457 neg_score -1.8424 | σ(pos) 0.2188 σ(neg) 0.1620
  step  50,000 | loss 2.1760 | lr 0.02398 | gnorm 0.137 | 482s elapsed
    pos_score -0.6961 neg_score -1.9714 | σ(pos) 0.3466 σ(neg) 0.1540
  Checkpoint saved: logs/20260313_003039/checkpoint_step0050000.npy

── Nearest Neighbors (step 50,000) ──────────────────
  king         → iii, vii, philip, eldest, iv, emperor, duke, xiv
  paris        → styria, carinthia, cypriot, mehmet, durham, rez, wentworth, mainz
  computer     → virtual, operating, kernel, unix, file, gnu, gpl, servers
  good         → brings, unusual, stallion, catch, occasionally, spell, fault, usually
  man          → sleep, darkness, mad, achilles, stranger, bed, immortal, bless

── Analogy Accuracy (step 50,000) ─────────────────
  capital-common-countries               0.4%  (506 pairs)
  capital-world                          0.6%  (3564 pairs)
  currency                               0.0%  (596 pairs)
  city-in-state                          0.6%  (2330 pairs)
  family                                 1.4%  (420 pairs)
  gram1-adjective-to-adverb              0.4%  (992 pairs)
  gram2-opposite                         0.1%  (756 pairs)
  gram3-comparative                      0.8%  (1332 pairs)
  gram4-superlative                      0.1%  (992 pairs)
  gram5-present-participle               0.9%  (1056 pairs)
  gram6-nationality-adjective            2.2%  (1521 pairs)
  gram7-past-tense                       0.8%  (1560 pairs)
  gram8-plural                           2.1%  (1332 pairs)
  gram9-plural-verbs                     0.3%  (870 pairs)

  Overall: 0.8%  (145/17827)
Epoch 1/5 done — avg loss: 2.6244
  step  60,000 | loss 2.3493 | lr 0.02378 | gnorm 0.260 | 52s elapsed
    pos_score -0.9575 neg_score -2.3364 | σ(pos) 0.3374 σ(neg) 0.1395
  step  70,000 | loss 2.0856 | lr 0.02357 | gnorm 0.216 | 157s elapsed
    pos_score -0.0682 neg_score -2.3437 | σ(pos) 0.4470 σ(neg) 0.1426
  step  80,000 | loss 2.3315 | lr 0.02337 | gnorm 0.152 | 260s elapsed
    pos_score -1.0049 neg_score -2.0232 | σ(pos) 0.3096 σ(neg) 0.1450
  step  90,000 | loss 2.3924 | lr 0.02316 | gnorm 0.175 | 363s elapsed
    pos_score -1.0481 neg_score -2.1368 | σ(pos) 0.3029 σ(neg) 0.1398
  step 100,000 | loss 2.5824 | lr 0.02296 | gnorm 0.154 | 470s elapsed
    pos_score -1.3962 neg_score -1.9928 | σ(pos) 0.2287 σ(neg) 0.1510
  Checkpoint saved: logs/20260313_003039/checkpoint_step0100000.npy

── Nearest Neighbors (step 100,000) ──────────────────
  king         → kings, prince, thrones, vii, crowns, monarchs, highness, templar
  paris        → frankfurt, dresden, budapest, apprenticeship, berlin, strasbourg, bonn, basel
  computer     → programmer, programmers, software, hardware, computers, computing, programming, designers
  good         → bad, maybe, give, going, want, lot, tell, think
  man          → creature, devil, story, joke, monstrous, misquoted, nemesis, mangaverse

── Analogy Accuracy (step 100,000) ─────────────────
  capital-common-countries               1.6%  (506 pairs)
  capital-world                          1.4%  (3564 pairs)
  currency                               0.8%  (596 pairs)
  city-in-state                          1.3%  (2330 pairs)
  family                                10.0%  (420 pairs)
  gram1-adjective-to-adverb              1.0%  (992 pairs)
  gram2-opposite                         0.3%  (756 pairs)
  gram3-comparative                      4.3%  (1332 pairs)
  gram4-superlative                      0.6%  (992 pairs)
  gram5-present-participle               2.0%  (1056 pairs)
  gram6-nationality-adjective           13.9%  (1521 pairs)
  gram7-past-tense                       1.4%  (1560 pairs)
  gram8-plural                           7.3%  (1332 pairs)
  gram9-plural-verbs                     1.4%  (870 pairs)

  Overall: 3.2%  (575/17827)
Epoch 2/5 done — avg loss: 2.3729
  step 110,000 | loss 1.8728 | lr 0.02275 | gnorm 0.158 | 6s elapsed
    pos_score -0.3468 neg_score -2.2112 | σ(pos) 0.4301 σ(neg) 0.1389
  step 120,000 | loss 2.3335 | lr 0.02255 | gnorm 0.195 | 110s elapsed
    pos_score -0.9777 neg_score -2.0423 | σ(pos) 0.3170 σ(neg) 0.1468
  step 130,000 | loss 1.9129 | lr 0.02235 | gnorm 0.230 | 224s elapsed
    pos_score +0.3946 neg_score -2.2129 | σ(pos) 0.5101 σ(neg) 0.1370
  step 140,000 | loss 2.3736 | lr 0.02214 | gnorm 0.174 | 342s elapsed
    pos_score -1.0682 neg_score -2.0708 | σ(pos) 0.2965 σ(neg) 0.1464
  step 150,000 | loss 2.6887 | lr 0.02194 | gnorm 0.205 | 454s elapsed
    pos_score -1.4574 neg_score -2.1979 | σ(pos) 0.2524 σ(neg) 0.1441
  Checkpoint saved: logs/20260313_003039/checkpoint_step0150000.npy

── Nearest Neighbors (step 150,000) ──────────────────
  king         → throne, burgundy, reigned, crowned, kingship, pretender, hohenstaufen, jagiello
  paris        → bologna, academie, soir, leipzig, sorbonne, rodin, vienna, zurich
  computer     → hardware, interface, computers, emulator, computing, interfaces, workstations, emulators
  good         → homework, oft, everyone, mindless, minding, externalists, absurdities, wants
  man          → manx, isle, enjoy, freehold, accommodation, greetings, wight, pleasant

── Analogy Accuracy (step 150,000) ─────────────────
  capital-common-countries               7.5%  (506 pairs)
  capital-world                          3.8%  (3564 pairs)
  currency                               3.5%  (596 pairs)
  city-in-state                          3.7%  (2330 pairs)
  family                                14.8%  (420 pairs)
  gram1-adjective-to-adverb              2.4%  (992 pairs)
  gram2-opposite                         0.5%  (756 pairs)
  gram3-comparative                     10.2%  (1332 pairs)
  gram4-superlative                      1.8%  (992 pairs)
  gram5-present-participle               4.3%  (1056 pairs)
  gram6-nationality-adjective           24.9%  (1521 pairs)
  gram7-past-tense                       1.9%  (1560 pairs)
  gram8-plural                          11.0%  (1332 pairs)
  gram9-plural-verbs                     4.1%  (870 pairs)

  Overall: 6.5%  (1162/17827)
  step 160,000 | loss 1.8380 | lr 0.02173 | gnorm 0.195 | 590s elapsed
    pos_score +0.1465 neg_score -2.2881 | σ(pos) 0.4633 σ(neg) 0.1307
Epoch 3/5 done — avg loss: 2.2856
  step 170,000 | loss 2.2748 | lr 0.02153 | gnorm 0.167 | 60s elapsed
    pos_score -1.0142 neg_score -2.1584 | σ(pos) 0.3027 σ(neg) 0.1406
  step 180,000 | loss 2.1979 | lr 0.02133 | gnorm 0.186 | 162s elapsed
    pos_score -0.7660 neg_score -2.2172 | σ(pos) 0.3504 σ(neg) 0.1386
  step 190,000 | loss 2.1362 | lr 0.02112 | gnorm 0.192 | 270s elapsed
    pos_score -0.6555 neg_score -2.2113 | σ(pos) 0.3595 σ(neg) 0.1364
  step 200,000 | loss 2.0564 | lr 0.02092 | gnorm 0.221 | 370s elapsed
    pos_score -0.7055 neg_score -2.2669 | σ(pos) 0.3638 σ(neg) 0.1312
  Checkpoint saved: logs/20260313_003039/checkpoint_step0200000.npy

── Nearest Neighbors (step 200,000) ──────────────────
  king         → anjou, pretender, throne, hohenstaufen, conradin, highness, abdication, quarrelled
  paris        → nantes, sur, commune, mie, restorations, seine, cimeti, lachaise
  computer     → computers, computerized, bootstrap, computing, machines, hardware, timesharing, vlsi
  good         → realising, deadlines, forbear, teched, attainable, pleases, tempted, honestly
  man          → redemptive, deceiver, watchman, conjugal, believeth, tempter, gracious, heartfelt

── Analogy Accuracy (step 200,000) ─────────────────
  capital-common-countries              15.2%  (506 pairs)
  capital-world                          6.6%  (3564 pairs)
  currency                               4.2%  (596 pairs)
  city-in-state                          5.5%  (2330 pairs)
  family                                12.6%  (420 pairs)
  gram1-adjective-to-adverb              1.3%  (992 pairs)
  gram2-opposite                         1.5%  (756 pairs)
  gram3-comparative                      8.8%  (1332 pairs)
  gram4-superlative                      4.1%  (992 pairs)
  gram5-present-participle               4.2%  (1056 pairs)
  gram6-nationality-adjective           37.7%  (1521 pairs)
  gram7-past-tense                       3.9%  (1560 pairs)
  gram8-plural                          18.4%  (1332 pairs)
  gram9-plural-verbs                     4.3%  (870 pairs)

  Overall: 9.3%  (1661/17827)
  step 210,000 | loss 2.4064 | lr 0.02071 | gnorm 0.185 | 502s elapsed
    pos_score -1.0848 neg_score -2.0868 | σ(pos) 0.2902 σ(neg) 0.1451
Epoch 4/5 done — avg loss: 2.2297
  step 220,000 | loss 2.3136 | lr 0.02051 | gnorm 0.185 | 12s elapsed
    pos_score -1.1402 neg_score -2.2425 | σ(pos) 0.2810 σ(neg) 0.1331
  step 230,000 | loss 2.5587 | lr 0.02030 | gnorm 0.214 | 112s elapsed
    pos_score -1.3525 neg_score -2.2526 | σ(pos) 0.2552 σ(neg) 0.1289
  step 240,000 | loss 2.3163 | lr 0.02010 | gnorm 0.197 | 215s elapsed
    pos_score -1.1169 neg_score -2.1902 | σ(pos) 0.2837 σ(neg) 0.1374
  step 250,000 | loss 1.9975 | lr 0.01990 | gnorm 0.215 | 326s elapsed
    pos_score -0.3263 neg_score -2.3986 | σ(pos) 0.4076 σ(neg) 0.1277
  Checkpoint saved: logs/20260313_003039/checkpoint_step0250000.npy

── Nearest Neighbors (step 250,000) ──────────────────
  king         → highness, eochaid, mormaer, valois, canute, anjou, aedh, gruoch
  paris        → nantes, soir, cimeti, academie, rodin, boulogne, universelle, marseille
  computer     → computers, automation, vlsi, firmware, supercomputers, microcomputer, microcomputers, virtualization
  good         → things, honestly, tempted, forbear, earnestly, deadlines, cares, sacrificing
  man          → awakens, deceiver, prescience, unrequited, madelyne, ashamed, seduction, girl

── Analogy Accuracy (step 250,000) ─────────────────
  capital-common-countries              18.8%  (506 pairs)
  capital-world                          9.8%  (3564 pairs)
  currency                               6.7%  (596 pairs)
  city-in-state                          6.4%  (2330 pairs)
  family                                11.4%  (420 pairs)
  gram1-adjective-to-adverb              1.2%  (992 pairs)
  gram2-opposite                         2.1%  (756 pairs)
  gram3-comparative                     12.5%  (1332 pairs)
  gram4-superlative                      3.9%  (992 pairs)
  gram5-present-participle               6.5%  (1056 pairs)
  gram6-nationality-adjective           44.0%  (1521 pairs)
  gram7-past-tense                       5.0%  (1560 pairs)
  gram8-plural                          21.5%  (1332 pairs)
  gram9-plural-verbs                     5.9%  (870 pairs)

  Overall: 11.6%  (2069/17827)
  step 260,000 | loss 1.8647 | lr 0.01969 | gnorm 0.181 | 495s elapsed
    pos_score -0.3014 neg_score -2.4498 | σ(pos) 0.4462 σ(neg) 0.1286
  step 270,000 | loss 2.3987 | lr 0.01949 | gnorm 0.188 | 620s elapsed
    pos_score -1.1354 neg_score -2.2251 | σ(pos) 0.2957 σ(neg) 0.1344
Epoch 5/5 done — avg loss: 2.1998
Embeddings saved to logs/20260313_003039/embeddings.npy

── Nearest Neighbors (final) ──────────────────
  king         → mormaer, aedh, eochaid, gruoch, fortinbras, pretender, canmore, owain
  paris        → nantes, academie, marseille, universelle, rodin, cimeti, grenoble, mulhouse
  computer     → tron, scanners, computing, spacewar, timesharing, computers, workstations, windowing
  good         → violets, effacing, clothe, wholesome, everything, egun, flirt, ugliest
  man          → vimes, doppelganger, sighs, rhiannon, footfall, fatherly, tights, idiotic

── Analogy Accuracy (final) ─────────────────
  capital-common-countries              20.0%  (506 pairs)
  capital-world                         11.0%  (3564 pairs)
  currency                               6.7%  (596 pairs)
  city-in-state                          7.3%  (2330 pairs)
  family                                18.3%  (420 pairs)
  gram1-adjective-to-adverb              1.5%  (992 pairs)
  gram2-opposite                         1.9%  (756 pairs)
  gram3-comparative                     10.7%  (1332 pairs)
  gram4-superlative                      3.5%  (992 pairs)
  gram5-present-participle               3.2%  (1056 pairs)
  gram6-nationality-adjective           45.3%  (1521 pairs)
  gram7-past-tense                       3.9%  (1560 pairs)
  gram8-plural                          16.4%  (1332 pairs)
  gram9-plural-verbs                     8.0%  (870 pairs)

  Overall: 11.6%  (2061/17827)
